2022-08-30 11:35:43,395:INFO:PyCaret Supervised Module
2022-08-30 11:35:43,395:INFO:ML Usecase: regression
2022-08-30 11:35:43,395:INFO:version 2.2.2
2022-08-30 11:35:43,395:INFO:Initializing setup()
2022-08-30 11:35:43,395:INFO:setup(target=age, ml_usecase=regression, available_plots={'parameter': 'Hyperparameters', 'residuals': 'Residuals', 'error': 'Prediction Error', 'cooks': 'Cooks Distance', 'rfe': 'Feature Selection', 'learning': 'Learning Curve', 'manifold': 'Manifold Learning', 'vc': 'Validation Curve', 'feature': 'Feature Importance', 'feature_all': 'Feature Importance (All)', 'tree': 'Decision Tree'}, train_size=0.7, test_data=None, preprocess=True, imputation_type=simple, iterative_imputation_iters=5, categorical_features=None, categorical_imputation=constant, categorical_iterative_imputer=lightgbm, ordinal_features=None, high_cardinality_features=None, high_cardinality_method=frequency, numeric_features=None, numeric_imputation=mean, numeric_iterative_imputer=lightgbm, date_features=None, ignore_features=None, normalize=False, normalize_method=zscore, transformation=False, transformation_method=yeo-johnson, handle_unknown_categorical=True, unknown_categorical_method=least_frequent, pca=False, pca_method=linear, pca_components=None, ignore_low_variance=False, combine_rare_levels=False, rare_level_threshold=0.1, bin_numeric_features=None, remove_outliers=False, outliers_threshold=0.05, remove_multicollinearity=False, multicollinearity_threshold=0.9, remove_perfect_collinearity=True, create_clusters=False, cluster_iter=20, polynomial_features=False, polynomial_degree=2, trigonometry_features=False, polynomial_threshold=0.1, group_features=None, group_names=None, feature_selection=False, feature_selection_threshold=0.8, feature_selection_method=classic, feature_interaction=False, feature_ratio=False, interaction_threshold=0.01, fix_imbalance=False, fix_imbalance_method=None, transform_target=False, transform_target_method=box-cox, data_split_shuffle=True, data_split_stratify=False, fold_strategy=kfold, fold=10, fold_shuffle=False, fold_groups=None, n_jobs=-1, use_gpu=False, custom_pipeline=None, html=True, session_id=None, log_experiment=False, experiment_name=None, log_plots=False, log_profile=False, log_data=False, silent=False, verbose=True, profile=False, profile_kwargs=None, display=None)
2022-08-30 11:35:43,395:INFO:Checking environment
2022-08-30 11:35:43,395:INFO:python_version: 3.9.12
2022-08-30 11:35:43,395:INFO:python_build: ('main', 'Apr  4 2022 05:22:27')
2022-08-30 11:35:43,395:INFO:machine: AMD64
2022-08-30 11:35:43,396:INFO:platform: Windows-10-10.0.19044-SP0
2022-08-30 11:35:43,396:INFO:Memory: svmem(total=16959000576, available=9252253696, percent=45.4, used=7706746880, free=9252253696)
2022-08-30 11:35:43,396:INFO:Physical Core: 4
2022-08-30 11:35:43,396:INFO:Logical Core: 8
2022-08-30 11:35:43,396:INFO:Checking libraries
2022-08-30 11:35:43,396:INFO:pd==1.4.2
2022-08-30 11:35:43,396:INFO:numpy==1.21.5
2022-08-30 11:35:43,396:INFO:sklearn==1.1.2
2022-08-30 11:35:43,415:INFO:xgboost==1.6.1
2022-08-30 11:35:43,415:INFO:lightgbm==3.3.2
2022-08-30 11:35:43,855:INFO:catboost==1.0.6
2022-08-30 11:35:44,792:INFO:mlflow==1.28.0
2022-08-30 11:35:44,793:INFO:Checking Exceptions
2022-08-30 11:35:44,793:INFO:Declaring global variables
2022-08-30 11:35:44,793:INFO:USI: 2a82
2022-08-30 11:35:44,793:INFO:pycaret_globals: {'seed', 'X', 'fix_imbalance_method_param', '_all_metrics', 'X_test', 'X_train', 'create_model_container', 'y_test', '_all_models', '_ml_usecase', 'target_param', 'gpu_param', 'prep_pipe', 'imputation_regressor', 'fold_generator', '_available_plots', 'pycaret_globals', 'iterative_imputation_iters_param', '_all_models_internal', 'exp_name_log', 'n_jobs_param', 'USI', 'master_model_container', 'y', 'log_plots_param', 'stratify_param', 'fix_imbalance_param', 'experiment__', 'display_container', '_gpu_n_jobs_param', 'html_param', 'transform_target_param', 'fold_groups_param', 'imputation_classifier', 'y_train', 'logging_param', 'transform_target_method_param', 'data_before_preprocess', '_internal_pipeline', 'fold_param', 'fold_shuffle_param'}
2022-08-30 11:35:44,793:INFO:Preparing display monitor
2022-08-30 11:35:44,793:INFO:Preparing display monitor
2022-08-30 11:35:44,804:INFO:Importing libraries
2022-08-30 11:35:44,804:INFO:Copying data for preprocessing
2022-08-30 11:35:44,813:INFO:Declaring preprocessing parameters
2022-08-30 11:35:44,817:INFO:Creating preprocessing pipeline
2022-08-30 11:35:44,845:INFO:Preprocessing pipeline created successfully
2022-08-30 11:35:44,845:ERROR:(Process Exit): setup has been interupted with user command 'quit'. setup must rerun.
2022-08-30 11:35:44,845:INFO:Creating global containers
2022-08-30 11:35:57,169:INFO:Initializing compare_models()
2022-08-30 11:35:57,169:INFO:compare_models(include=None, fold=None, round=4, cross_validation=True, sort=R2, n_select=1, budget_time=None, turbo=True, errors=ignore, fit_kwargs=None, groups=None, verbose=True, display=None, exclude=None)
2022-08-30 11:35:57,169:INFO:Checking exceptions
2022-08-30 11:36:07,883:INFO:PyCaret Supervised Module
2022-08-30 11:36:07,884:INFO:ML Usecase: classification
2022-08-30 11:36:07,884:INFO:version 2.2.2
2022-08-30 11:36:07,884:INFO:Initializing setup()
2022-08-30 11:36:07,884:INFO:setup(target=generation, ml_usecase=classification, available_plots={'parameter': 'Hyperparameters', 'auc': 'AUC', 'confusion_matrix': 'Confusion Matrix', 'threshold': 'Threshold', 'pr': 'Precision Recall', 'error': 'Prediction Error', 'class_report': 'Class Report', 'rfe': 'Feature Selection', 'learning': 'Learning Curve', 'manifold': 'Manifold Learning', 'calibration': 'Calibration Curve', 'vc': 'Validation Curve', 'dimension': 'Dimensions', 'feature': 'Feature Importance', 'feature_all': 'Feature Importance (All)', 'boundary': 'Decision Boundary', 'lift': 'Lift Chart', 'gain': 'Gain Chart', 'tree': 'Decision Tree'}, train_size=0.7, test_data=None, preprocess=True, imputation_type=simple, iterative_imputation_iters=5, categorical_features=None, categorical_imputation=constant, categorical_iterative_imputer=lightgbm, ordinal_features=None, high_cardinality_features=None, high_cardinality_method=frequency, numeric_features=None, numeric_imputation=mean, numeric_iterative_imputer=lightgbm, date_features=None, ignore_features=None, normalize=False, normalize_method=zscore, transformation=False, transformation_method=yeo-johnson, handle_unknown_categorical=True, unknown_categorical_method=least_frequent, pca=False, pca_method=linear, pca_components=None, ignore_low_variance=False, combine_rare_levels=False, rare_level_threshold=0.1, bin_numeric_features=None, remove_outliers=False, outliers_threshold=0.05, remove_multicollinearity=False, multicollinearity_threshold=0.9, remove_perfect_collinearity=True, create_clusters=False, cluster_iter=20, polynomial_features=False, polynomial_degree=2, trigonometry_features=False, polynomial_threshold=0.1, group_features=None, group_names=None, feature_selection=False, feature_selection_threshold=0.8, feature_selection_method=classic, feature_interaction=False, feature_ratio=False, interaction_threshold=0.01, fix_imbalance=False, fix_imbalance_method=None, transform_target=False, transform_target_method=box-cox, data_split_shuffle=True, data_split_stratify=False, fold_strategy=stratifiedkfold, fold=10, fold_shuffle=False, fold_groups=None, n_jobs=-1, use_gpu=False, custom_pipeline=None, html=True, session_id=None, log_experiment=False, experiment_name=None, log_plots=False, log_profile=False, log_data=False, silent=False, verbose=True, profile=False, profile_kwargs=None, display=None)
2022-08-30 11:36:07,884:INFO:Checking environment
2022-08-30 11:36:07,884:INFO:python_version: 3.9.12
2022-08-30 11:36:07,884:INFO:python_build: ('main', 'Apr  4 2022 05:22:27')
2022-08-30 11:36:07,884:INFO:machine: AMD64
2022-08-30 11:36:07,884:INFO:platform: Windows-10-10.0.19044-SP0
2022-08-30 11:36:07,884:INFO:Memory: svmem(total=16959000576, available=9131991040, percent=46.2, used=7827009536, free=9131991040)
2022-08-30 11:36:07,884:INFO:Physical Core: 4
2022-08-30 11:36:07,884:INFO:Logical Core: 8
2022-08-30 11:36:07,884:INFO:Checking libraries
2022-08-30 11:36:07,884:INFO:pd==1.4.2
2022-08-30 11:36:07,884:INFO:numpy==1.21.5
2022-08-30 11:36:07,884:INFO:sklearn==1.1.2
2022-08-30 11:36:07,884:INFO:xgboost==1.6.1
2022-08-30 11:36:07,884:INFO:lightgbm==3.3.2
2022-08-30 11:36:07,884:INFO:catboost==1.0.6
2022-08-30 11:36:07,884:INFO:mlflow==1.28.0
2022-08-30 11:36:07,884:INFO:Checking Exceptions
2022-08-30 11:36:07,885:INFO:Declaring global variables
2022-08-30 11:36:07,885:INFO:USI: d717
2022-08-30 11:36:07,885:INFO:pycaret_globals: {'seed', 'X', 'fix_imbalance_method_param', '_all_metrics', 'X_test', 'X_train', 'create_model_container', 'y_test', '_all_models', '_ml_usecase', 'target_param', 'gpu_param', 'prep_pipe', 'imputation_regressor', 'fold_generator', '_available_plots', 'pycaret_globals', 'iterative_imputation_iters_param', '_all_models_internal', 'exp_name_log', 'n_jobs_param', 'USI', 'master_model_container', 'y', 'log_plots_param', 'stratify_param', 'fix_imbalance_param', 'experiment__', 'display_container', '_gpu_n_jobs_param', 'html_param', 'transform_target_param', 'fold_groups_param', 'imputation_classifier', 'y_train', 'logging_param', 'transform_target_method_param', 'data_before_preprocess', '_internal_pipeline', 'fold_param', 'fold_shuffle_param'}
2022-08-30 11:36:07,885:INFO:Preparing display monitor
2022-08-30 11:36:07,885:INFO:Preparing display monitor
2022-08-30 11:36:07,894:INFO:Importing libraries
2022-08-30 11:36:07,894:INFO:Copying data for preprocessing
2022-08-30 11:36:07,900:INFO:Declaring preprocessing parameters
2022-08-30 11:36:07,904:INFO:Creating preprocessing pipeline
2022-08-30 11:36:07,929:INFO:Preprocessing pipeline created successfully
2022-08-30 11:36:07,929:ERROR:(Process Exit): setup has been interupted with user command 'quit'. setup must rerun.
2022-08-30 11:36:07,929:INFO:Creating global containers
2022-08-30 11:36:17,994:INFO:Initializing compare_models()
2022-08-30 11:36:17,994:INFO:compare_models(include=None, fold=None, round=4, cross_validation=True, sort=Accuracy, n_select=1, budget_time=None, turbo=True, errors=ignore, fit_kwargs=None, groups=None, verbose=True, display=None, exclude=None)
2022-08-30 11:36:17,994:INFO:Checking exceptions
